<?xml version="1.0" encoding="UTF-8"?>
<!-- Generated by org.testng.reporters.JUnitReportReporter -->
<testsuite hostname="LAPTOP-R43TL4UE" failures="0" tests="1" name="com.Jqueri_Test.Jqueri_Test" time="6.930" errors="0" timestamp="2024-02-07T12:26:48 IST" skipped="0">
  <testcase classname="com.Jqueri_Test.Jqueri_Test" name="dragAndDropTest" time="6.930"/>
  <system-out/>
</testsuite> <!-- com.Jqueri_Test.Jqueri_Test -->
