<?xml version="1.0" encoding="UTF-8"?>
<!-- Generated by org.testng.reporters.JUnitReportReporter -->
<testsuite hostname="LAPTOP-R43TL4UE" failures="0" tests="3" name="com.LoginFunctionality.Login_With_Valid_Data" time="14.339" errors="0" timestamp="2023-11-23T17:57:47 IST" skipped="0">
  <testcase classname="com.LoginFunctionality.Login_With_Valid_Data" name="loginTest" time="11.246"/>
  <system-out/>
  <testcase classname="com.LoginFunctionality.Login_With_Valid_Data" name="wecomeadmintest" time="0.377"/>
  <system-out/>
  <testcase classname="com.LoginFunctionality.Login_With_Valid_Data" name="logouttest" time="2.716"/>
  <system-out/>
</testsuite> <!-- com.LoginFunctionality.Login_With_Valid_Data -->
