<?xml version="1.0" encoding="UTF-8"?>
<!-- Generated by org.testng.reporters.JUnitReportReporter -->
<testsuite hostname="LAPTOP-R43TL4UE" failures="0" tests="1" name="com.Jqueri_Test.Jqueri_Test" time="4.728" errors="0" timestamp="2023-12-07T15:22:09 IST" skipped="0">
  <testcase classname="com.Jqueri_Test.Jqueri_Test" name="dragAndDropTest" time="4.728"/>
  <system-out/>
</testsuite> <!-- com.Jqueri_Test.Jqueri_Test -->
