<?xml version="1.0" encoding="UTF-8"?>
<!-- Generated by org.testng.reporters.JUnitReportReporter -->
<testsuite hostname="LAPTOP-R43TL4UE" failures="0" tests="1" name="com.XpathTest.FaceBookLoginTest" time="6.808" errors="0" timestamp="2023-12-06T17:17:43 IST" skipped="0">
  <testcase classname="com.XpathTest.FaceBookLoginTest" name="loginTest" time="6.808"/>
  <system-out/>
</testsuite> <!-- com.XpathTest.FaceBookLoginTest -->
