<?xml version="1.0" encoding="UTF-8"?>
<!-- Generated by org.testng.reporters.JUnitReportReporter -->
<testsuite hostname="LAPTOP-R43TL4UE" failures="0" tests="1" name="com.XpathTest.Amazon_NewReleases_Test" time="15.258" errors="0" timestamp="2023-12-06T17:54:21 IST" skipped="0">
  <testcase classname="com.XpathTest.Amazon_NewReleases_Test" name="newReleasesTest" time="15.258"/>
  <system-out/>
</testsuite> <!-- com.XpathTest.Amazon_NewReleases_Test -->
