<?xml version="1.0" encoding="UTF-8"?>
<!-- Generated by org.testng.reporters.JUnitReportReporter -->
<testsuite hostname="LAPTOP-R43TL4UE" failures="0" tests="1" name="com.XpathTest.SalesForse_Click_Test" time="6.023" errors="0" timestamp="2024-01-19T21:16:37 IST" skipped="0">
  <testcase classname="com.XpathTest.SalesForse_Click_Test" name="sales" time="6.023"/>
  <system-out/>
</testsuite> <!-- com.XpathTest.SalesForse_Click_Test -->
