<?xml version="1.0" encoding="UTF-8"?>
<!-- Generated by org.testng.reporters.JUnitReportReporter -->
<testsuite hostname="LAPTOP-R43TL4UE" failures="0" tests="1" name="com.Jqueri_Test.SalesForce_Frames_Click_Operation" time="7.722" errors="0" timestamp="2024-01-19T22:57:23 IST" skipped="0">
  <testcase classname="com.Jqueri_Test.SalesForce_Frames_Click_Operation" name="dragAndDropTest" time="7.722"/>
  <system-out/>
</testsuite> <!-- com.Jqueri_Test.SalesForce_Frames_Click_Operation -->
