<?xml version="1.0" encoding="UTF-8"?>
<!-- Generated by org.testng.reporters.JUnitReportReporter -->
<testsuite hostname="LAPTOP-R43TL4UE" failures="0" tests="1" name="com.EmployeeList.Employeetest" time="97.226" errors="0" timestamp="2023-11-23T18:51:36 IST" skipped="0">
  <testcase classname="com.EmployeeList.Employeetest" name="employeelist" time="97.226"/>
  <system-out/>
</testsuite> <!-- com.EmployeeList.Employeetest -->
