<?xml version="1.0" encoding="UTF-8"?>
<!-- Generated by org.testng.reporters.JUnitReportReporter -->
<testsuite hostname="LAPTOP-R43TL4UE" failures="0" tests="1" name="com.XpathTest.DemoGuru_Click_Test" time="5.707" errors="0" timestamp="2024-02-09T11:03:57 IST" skipped="0">
  <testcase classname="com.XpathTest.DemoGuru_Click_Test" name="sales" time="5.707"/>
  <system-out/>
</testsuite> <!-- com.XpathTest.DemoGuru_Click_Test -->
