<?xml version="1.0" encoding="UTF-8"?>
<!-- Generated by org.testng.reporters.JUnitReportReporter -->
<testsuite hostname="LAPTOP-R43TL4UE" failures="0" tests="1" name="com.XpathTest.Gmail_Login_Test" time="7.278" errors="0" timestamp="2023-12-06T18:45:50 IST" skipped="0">
  <testcase classname="com.XpathTest.Gmail_Login_Test" name="signInTest" time="7.278"/>
  <system-out/>
</testsuite> <!-- com.XpathTest.Gmail_Login_Test -->
