<?xml version="1.0" encoding="UTF-8"?>
<!-- Generated by org.testng.reporters.JUnitReportReporter -->
<testsuite hostname="LAPTOP-R43TL4UE" failures="0" tests="6" name="com.EchoEchoPageTest.EchoEchoPageTest" time="3.824" errors="0" timestamp="2023-11-28T12:16:58 IST" skipped="0">
  <testcase classname="com.EchoEchoPageTest.EchoEchoPageTest" name="milkFunctionalityTest" time="1.209"/>
  <system-out/>
  <testcase classname="com.EchoEchoPageTest.EchoEchoPageTest" name="butterFunctionalityTest" time="0.489"/>
  <system-out/>
  <testcase classname="com.EchoEchoPageTest.EchoEchoPageTest" name="cheesFunctionalityTest" time="1.208"/>
  <system-out/>
  <testcase classname="com.EchoEchoPageTest.EchoEchoPageTest" name="waterFunctionalityTest" time="0.339"/>
  <system-out/>
  <testcase classname="com.EchoEchoPageTest.EchoEchoPageTest" name="beerFunctionalityTest" time="0.258"/>
  <system-out/>
  <testcase classname="com.EchoEchoPageTest.EchoEchoPageTest" name="wineFunctionalityTest" time="0.321"/>
  <system-out/>
</testsuite> <!-- com.EchoEchoPageTest.EchoEchoPageTest -->
