<?xml version="1.0" encoding="UTF-8"?>
<!-- Generated by org.testng.reporters.JUnitReportReporter -->
<testsuite hostname="LAPTOP-R43TL4UE" failures="0" tests="3" name="com.ReddifMailTest.ReddifMailLoginTest" time="14.786" errors="0" timestamp="2023-11-26T23:16:27 IST" skipped="0">
  <testcase classname="com.ReddifMailTest.ReddifMailLoginTest" name="userNameLoginFunctionalityTest" time="2.066"/>
  <system-out/>
  <testcase classname="com.ReddifMailTest.ReddifMailLoginTest" name="passwordNameLoginFunctionalityTest" time="1.739"/>
  <system-out/>
  <testcase classname="com.ReddifMailTest.ReddifMailLoginTest" name="sighnInFunctionality" time="10.981"/>
  <system-out/>
</testsuite> <!-- com.ReddifMailTest.ReddifMailLoginTest -->
