<?xml version="1.0" encoding="UTF-8"?>
<!-- Generated by org.testng.reporters.JUnitReportReporter -->
<testsuite hostname="LAPTOP-R43TL4UE" failures="0" tests="3" name="com.OHRM_TenstNG.Login_Valid_Data_ExternalFileProperties" time="23.166" errors="0" timestamp="2023-11-23T09:41:57 IST" skipped="0">
  <testcase classname="com.OHRM_TenstNG.Login_Valid_Data_ExternalFileProperties" name="logintest" time="19.295"/>
  <system-out/>
  <testcase classname="com.OHRM_TenstNG.Login_Valid_Data_ExternalFileProperties" name="wecomeadmintest" time="0.343"/>
  <system-out/>
  <testcase classname="com.OHRM_TenstNG.Login_Valid_Data_ExternalFileProperties" name="logouttest" time="3.528"/>
  <system-out/>
</testsuite> <!-- com.OHRM_TenstNG.Login_Valid_Data_ExternalFileProperties -->
