<?xml version="1.0" encoding="UTF-8"?>
<!-- Generated by org.testng.reporters.JUnitReportReporter -->
<testsuite hostname="LAPTOP-R43TL4UE" failures="0" tests="1" name="com_EmployeeList_TestNG.Employee_List" time="68.302" errors="0" timestamp="2023-11-22T22:49:43 IST" skipped="0">
  <testcase classname="com_EmployeeList_TestNG.Employee_List" name="employeelist" time="68.302"/>
  <system-out/>
</testsuite> <!-- com_EmployeeList_TestNG.Employee_List -->
