<?xml version="1.0" encoding="UTF-8"?>
<!-- Generated by org.testng.reporters.JUnitReportReporter -->
<testsuite hostname="LAPTOP-R43TL4UE" failures="0" tests="3" name="com.OHRM_TenstNG.Login_Valid_Data_ExternalFileProperties" time="43.148" errors="0" timestamp="2023-12-15T17:11:03 IST" skipped="0">
  <testcase classname="com.OHRM_TenstNG.Login_Valid_Data_ExternalFileProperties" name="logintest" time="33.599"/>
  <system-out/>
  <testcase classname="com.OHRM_TenstNG.Login_Valid_Data_ExternalFileProperties" name="wecomeadmintest" time="0.406"/>
  <system-out/>
  <testcase classname="com.OHRM_TenstNG.Login_Valid_Data_ExternalFileProperties" name="logouttest" time="9.143"/>
  <system-out/>
</testsuite> <!-- com.OHRM_TenstNG.Login_Valid_Data_ExternalFileProperties -->
