<?xml version="1.0" encoding="UTF-8"?>
<!-- Generated by org.testng.reporters.JUnitReportReporter -->
<testsuite hostname="LAPTOP-R43TL4UE" failures="0" tests="12" name="com.PracticeTest.PracticeTest" time="72.149" errors="0" timestamp="2023-11-27T22:04:35 IST" skipped="0">
  <testcase classname="com.PracticeTest.PracticeTest" name="currentURLFunctionalityTest" time="0.245"/>
  <system-out/>
  <testcase classname="com.PracticeTest.PracticeTest" name="OrangeHRMLoginPageTitleTest" time="0.067"/>
  <system-out/>
  <testcase classname="com.PracticeTest.PracticeTest" name="userNameFunctionalTest" time="3.036"/>
  <system-out/>
  <testcase classname="com.PracticeTest.PracticeTest" name="passwordfunctionalityTest" time="0.731"/>
  <system-out/>
  <testcase classname="com.PracticeTest.PracticeTest" name="loginclickfunctionalityTest" time="5.012"/>
  <system-out/>
  <testcase classname="com.PracticeTest.PracticeTest" name="orangeHRMAddEmployeeLogoValidation" time="0.454"/>
  <system-out/>
  <testcase classname="com.PracticeTest.PracticeTest" name="addEmployeeURLFunctionality" time="0.253"/>
  <system-out/>
  <testcase classname="com.PracticeTest.PracticeTest" name="OrangeHRMAddEmployeePageTitle" time="0.076"/>
  <system-out/>
  <testcase classname="com.PracticeTest.PracticeTest" name="headerblocksFunctionality" time="0.154"/>
  <system-out/>
  <testcase classname="com.PracticeTest.PracticeTest" name="pimLinkFunctionalityTest" time="0.345"/>
  <system-out/>
  <testcase classname="com.PracticeTest.PracticeTest" name="addEmployeeLinkFunctionalityTest" time="3.246"/>
  <system-out/>
  <testcase classname="com.PracticeTest.PracticeTest" name="firstNameFunctionalityTest" time="58.530"/>
  <system-out/>
</testsuite> <!-- com.PracticeTest.PracticeTest -->
