<?xml version="1.0" encoding="UTF-8"?>
<!-- Generated by org.testng.reporters.JUnitReportReporter -->
<testsuite hostname="LAPTOP-R43TL4UE" failures="0" tests="16" name="com.OrangeHRMApplicationTestCases.OrangeHRMLoginPageTest" time="128.271" errors="0" timestamp="2023-11-28T12:11:54 IST" skipped="0">
  <testcase classname="com.OrangeHRMApplicationTestCases.OrangeHRMLoginPageTest" name="currentURLFunctionalityTest" time="0.689"/>
  <system-out/>
  <testcase classname="com.OrangeHRMApplicationTestCases.OrangeHRMLoginPageTest" name="OrangeHRMLoginPageTitleTest" time="0.185"/>
  <system-out/>
  <testcase classname="com.OrangeHRMApplicationTestCases.OrangeHRMLoginPageTest" name="LoginpaneltextvalidationTest" time="0.482"/>
  <system-out/>
  <testcase classname="com.OrangeHRMApplicationTestCases.OrangeHRMLoginPageTest" name="orangeHRMLogoValidationTest" time="0.565"/>
  <system-out/>
  <testcase classname="com.OrangeHRMApplicationTestCases.OrangeHRMLoginPageTest" name="faceBookLinkFunctionalityTest" time="1.281"/>
  <system-out/>
  <testcase classname="com.OrangeHRMApplicationTestCases.OrangeHRMLoginPageTest" name="twitterlinkFunctionalityTest" time="1.850"/>
  <system-out/>
  <testcase classname="com.OrangeHRMApplicationTestCases.OrangeHRMLoginPageTest" name="youTubelinkFunctionalityTest" time="1.840"/>
  <system-out/>
  <testcase classname="com.OrangeHRMApplicationTestCases.OrangeHRMLoginPageTest" name="alternateLoginFunctionaitytext" time="2.486"/>
  <system-out/>
  <testcase classname="com.OrangeHRMApplicationTestCases.OrangeHRMLoginPageTest" name="selectfunchtionalityTest" time="8.632"/>
  <system-out/>
  <testcase classname="com.OrangeHRMApplicationTestCases.OrangeHRMLoginPageTest" name="downlevelLoginTest" time="1.053"/>
  <system-out/>
  <testcase classname="com.OrangeHRMApplicationTestCases.OrangeHRMLoginPageTest" name="urllingbottomloginpageTest" time="1.121"/>
  <system-out/>
  <testcase classname="com.OrangeHRMApplicationTestCases.OrangeHRMLoginPageTest" name="linkdinLinkFunctionalityTest" time="1.630"/>
  <system-out/>
  <testcase classname="com.OrangeHRMApplicationTestCases.OrangeHRMLoginPageTest" name="userNameFunctionalTest" time="28.997"/>
  <system-out/>
  <testcase classname="com.OrangeHRMApplicationTestCases.OrangeHRMLoginPageTest" name="passwordfunctionalityTest" time="1.609"/>
  <system-out/>
  <testcase classname="com.OrangeHRMApplicationTestCases.OrangeHRMLoginPageTest" name="loginclickfunctionalityTest" time="74.922"/>
  <system-out/>
  <testcase classname="com.OrangeHRMApplicationTestCases.OrangeHRMLoginPageTest" name="tabfunctionalityTest" time="0.929"/>
  <system-out/>
</testsuite> <!-- com.OrangeHRMApplicationTestCases.OrangeHRMLoginPageTest -->
